CRITICAL - 2024-11-13 14:25:30 --> Error: Class "App\Models\InteractionModel" not found
[Method: GET, Route: interactions]
in APPPATH\Controllers\Interactions.php on line 12.
 1 SYSTEMPATH\CodeIgniter.php(933): App\Controllers\Interactions->index()
 2 SYSTEMPATH\CodeIgniter.php(509): CodeIgniter\CodeIgniter->runController(Object(App\Controllers\Interactions))
 3 SYSTEMPATH\CodeIgniter.php(355): CodeIgniter\CodeIgniter->handleRequest(null, Object(Config\Cache), false)
 4 SYSTEMPATH\Boot.php(325): CodeIgniter\CodeIgniter->run()
 5 SYSTEMPATH\Boot.php(67): CodeIgniter\Boot::runCodeIgniter(Object(CodeIgniter\CodeIgniter))
 6 FCPATH\index.php(56): CodeIgniter\Boot::bootWeb(Object(Config\Paths))
 7 SYSTEMPATH\rewrite.php(44): require_once('C:\\Users\\minec\\Desktop\\Repositories\\code_igniter_final\\public\\index.php')
CRITICAL - 2024-11-13 14:25:41 --> Error: Class "App\Models\InteractionModel" not found
[Method: GET, Route: interactions]
in APPPATH\Controllers\Interactions.php on line 12.
 1 SYSTEMPATH\CodeIgniter.php(933): App\Controllers\Interactions->index()
 2 SYSTEMPATH\CodeIgniter.php(509): CodeIgniter\CodeIgniter->runController(Object(App\Controllers\Interactions))
 3 SYSTEMPATH\CodeIgniter.php(355): CodeIgniter\CodeIgniter->handleRequest(null, Object(Config\Cache), false)
 4 SYSTEMPATH\Boot.php(325): CodeIgniter\CodeIgniter->run()
 5 SYSTEMPATH\Boot.php(67): CodeIgniter\Boot::runCodeIgniter(Object(CodeIgniter\CodeIgniter))
 6 FCPATH\index.php(56): CodeIgniter\Boot::bootWeb(Object(Config\Paths))
 7 SYSTEMPATH\rewrite.php(44): require_once('C:\\Users\\minec\\Desktop\\Repositories\\code_igniter_final\\public\\index.php')
CRITICAL - 2024-11-13 14:25:53 --> Error: Class "App\Models\InteractionModel" not found
[Method: GET, Route: interactions]
in APPPATH\Controllers\Interactions.php on line 12.
 1 SYSTEMPATH\CodeIgniter.php(933): App\Controllers\Interactions->index()
 2 SYSTEMPATH\CodeIgniter.php(509): CodeIgniter\CodeIgniter->runController(Object(App\Controllers\Interactions))
 3 SYSTEMPATH\CodeIgniter.php(355): CodeIgniter\CodeIgniter->handleRequest(null, Object(Config\Cache), false)
 4 SYSTEMPATH\Boot.php(325): CodeIgniter\CodeIgniter->run()
 5 SYSTEMPATH\Boot.php(67): CodeIgniter\Boot::runCodeIgniter(Object(CodeIgniter\CodeIgniter))
 6 FCPATH\index.php(56): CodeIgniter\Boot::bootWeb(Object(Config\Paths))
 7 SYSTEMPATH\rewrite.php(44): require_once('C:\\Users\\minec\\Desktop\\Repositories\\code_igniter_final\\public\\index.php')
